2025-09-10 08:26:49,029 - INFO - Configuration loaded from irctc_config.json
2025-09-10 08:26:49,029 - INFO - ==================================================
2025-09-10 08:26:49,029 - INFO - STARTING IRCTC TICKET BOOKING AUTOMATION
2025-09-10 08:26:49,032 - INFO - ==================================================
2025-09-10 08:26:49,032 - INFO - Setting up browser...
2025-09-10 08:26:56,658 - INFO - Browser setup completed successfully
2025-09-10 08:26:56,661 - INFO - Navigating to IRCTC...
2025-09-10 08:27:26,692 - ERROR - Navigation failed: Page.goto: Timeout 30000ms exceeded.
Call log:
  - navigating to "https://www.irctc.co.in/nget/train-search", waiting until "networkidle"

2025-09-10 08:27:26,695 - ERROR - Login failed: Page.goto: Timeout 30000ms exceeded.
Call log:
  - navigating to "https://www.irctc.co.in/nget/train-search", waiting until "networkidle"

2025-09-10 08:27:26,699 - ERROR - ==================================================
2025-09-10 08:27:26,700 - ERROR - BOOKING PROCESS FAILED!
2025-09-10 08:27:26,702 - ERROR - Error: Page.goto: Timeout 30000ms exceeded.
Call log:
  - navigating to "https://www.irctc.co.in/nget/train-search", waiting until "networkidle"

2025-09-10 08:27:26,706 - ERROR - Time elapsed: 0:00:37.669803
2025-09-10 08:27:26,708 - ERROR - ==================================================
2025-09-10 08:27:47,607 - ERROR - Booking failed with error: Page.goto: Timeout 30000ms exceeded.
Call log:
  - navigating to "https://www.irctc.co.in/nget/train-search", waiting until "networkidle"

2025-09-10 08:37:54,008 - INFO - Configuration loaded from irctc_config.json
2025-09-10 08:37:54,008 - INFO - ==================================================
2025-09-10 08:37:54,008 - INFO - STARTING ENHANCED IRCTC BOOKING AUTOMATION
2025-09-10 08:37:54,008 - INFO - ==================================================
2025-09-10 08:37:54,008 - INFO - Setting up browser...
2025-09-10 08:37:55,702 - ERROR - Browser setup failed: 'navigation_timeout'
2025-09-10 08:37:55,717 - ERROR - ==================================================
2025-09-10 08:37:55,717 - ERROR - BOOKING FAILED!
2025-09-10 08:37:55,733 - ERROR - Error: 'navigation_timeout'
2025-09-10 08:37:55,764 - ERROR - Time elapsed: 0:00:01.709037
2025-09-10 08:37:55,765 - ERROR - ==================================================
2025-09-10 08:38:04,110 - ERROR - Failed: 'navigation_timeout'
2025-09-10 08:38:13,922 - INFO - Configuration loaded from irctc_config.json
2025-09-10 08:38:13,922 - INFO - ==================================================
2025-09-10 08:38:13,922 - INFO - STARTING ENHANCED IRCTC BOOKING AUTOMATION
2025-09-10 08:38:13,939 - INFO - ==================================================
2025-09-10 08:38:13,940 - INFO - Setting up browser...
2025-09-10 08:38:15,519 - ERROR - Browser setup failed: 'navigation_timeout'
2025-09-10 08:38:15,534 - ERROR - ==================================================
2025-09-10 08:38:15,534 - ERROR - BOOKING FAILED!
2025-09-10 08:38:15,552 - ERROR - Error: 'navigation_timeout'
2025-09-10 08:38:15,553 - ERROR - Time elapsed: 0:00:01.612030
2025-09-10 08:38:15,554 - ERROR - ==================================================
2025-09-10 08:42:22,878 - ERROR - Failed: 
2025-09-10 08:43:46,892 | INFO     | Launching browser …
2025-09-10 08:43:49,138 | INFO     | Opening IRCTC (attempt 1)…
2025-09-10 08:44:01,090 | INFO     | Closed popup via button:has-text("OK")
2025-09-10 08:44:02,076 | INFO     | Closed popup via button:has-text("OK")
2025-09-10 08:44:06,106 | INFO     | Closed popup via button:has-text("OK")
2025-09-10 08:44:09,425 | INFO     | Closed popup via button:has-text("Ok")
2025-09-10 08:44:10,535 | INFO     | Closed popup via button:has-text("Ok")
2025-09-10 08:44:21,294 | WARNING  | Navigation attempt 1 failed: Page.wait_for_selector: Timeout 10000ms exceeded.
Call log:
  - waiting for locator("input[placeholder*=\"From\"]") to be visible

2025-09-10 08:44:21,295 | INFO     | Opening IRCTC (attempt 2)…
2025-09-10 08:44:30,643 | INFO     | Closed popup via button:has-text("OK")
2025-09-10 08:44:31,679 | INFO     | Closed popup via button:has-text("OK")
2025-09-10 08:44:33,193 | INFO     | Closed popup via button:has-text("OK")
2025-09-10 08:44:34,348 | INFO     | Closed popup via button:has-text("Ok")
2025-09-10 08:44:35,862 | INFO     | Closed popup via button:has-text("Ok")
2025-09-10 08:44:46,489 | WARNING  | Navigation attempt 2 failed: Page.wait_for_selector: Timeout 10000ms exceeded.
Call log:
  - waiting for locator("input[placeholder*=\"From\"]") to be visible

2025-09-10 08:44:46,492 | INFO     | Opening IRCTC (attempt 3)…
2025-09-10 08:44:54,834 | INFO     | Done. Total elapsed: 67.9s
2025-09-10 08:44:56,427 | ERROR    | Future exception was never retrieved
future: <Future finished exception=BrokenPipeError(32, 'The pipe is being closed', None, 232, None)>
Traceback (most recent call last):
  File "c:\dev\playwright\playwright\Code\irctc_booking.py", line 225, in run
    await self.login()
  File "c:\dev\playwright\playwright\Code\irctc_booking.py", line 146, in login
    await self.goto_irctc()
  File "c:\dev\playwright\playwright\Code\irctc_booking.py", line 133, in goto_irctc
    await self.page.goto("https://www.irctc.co.in/nget/train-search", wait_until="load")
  File "C:\dev\playwright\playwright\.venv\Lib\site-packages\playwright\async_api\_generated.py", line 8992, in goto
    await self._impl_obj.goto(
  File "C:\dev\playwright\playwright\.venv\Lib\site-packages\playwright\_impl\_page.py", line 556, in goto
    return await self._main_frame.goto(**locals_to_params(locals()))
           ^^^^^^^^^^^^^^^^^^^^^^^^^^^^^^^^^^^^^^^^^^^^^^^^^^^^^^^^^
  File "C:\dev\playwright\playwright\.venv\Lib\site-packages\playwright\_impl\_frame.py", line 153, in goto
    await self._channel.send(
  File "C:\dev\playwright\playwright\.venv\Lib\site-packages\playwright\_impl\_connection.py", line 69, in send
    return await self._connection.wrap_api_call(
           ^^^^^^^^^^^^^^^^^^^^^^^^^^^^^^^^^^^^^
  File "C:\dev\playwright\playwright\.venv\Lib\site-packages\playwright\_impl\_connection.py", line 556, in wrap_api_call
    return await cb()
           ^^^^^^^^^^
  File "C:\dev\playwright\playwright\.venv\Lib\site-packages\playwright\_impl\_connection.py", line 123, in _inner_send
    done, _ = await asyncio.wait(
              ^^^^^^^^^^^^^^^^^^^
  File "C:\Users\nagal\AppData\Local\Programs\Python\Python311\Lib\asyncio\tasks.py", line 418, in wait
    return await _wait(fs, timeout, return_when, loop)
           ^^^^^^^^^^^^^^^^^^^^^^^^^^^^^^^^^^^^^^^^^^^
  File "C:\Users\nagal\AppData\Local\Programs\Python\Python311\Lib\asyncio\tasks.py", line 525, in _wait
    await waiter
asyncio.exceptions.CancelledError

During handling of the above exception, another exception occurred:

Traceback (most recent call last):
  File "C:\Users\nagal\AppData\Local\Programs\Python\Python311\Lib\asyncio\proactor_events.py", line 401, in _loop_writing
    self._write_fut = self._loop._proactor.send(self._sock, data)
                      ^^^^^^^^^^^^^^^^^^^^^^^^^^^^^^^^^^^^^^^^^^^
  File "C:\Users\nagal\AppData\Local\Programs\Python\Python311\Lib\asyncio\windows_events.py", line 568, in send
    ov.WriteFile(conn.fileno(), buf)
BrokenPipeError: [WinError 232] The pipe is being closed
2025-09-10 08:44:56,523 | ERROR    | Future exception was never retrieved
future: <Future finished exception=TargetClosedError('Target page, context or browser has been closed\nCall log:\n  - navigating to "https://www.irctc.co.in/nget/train-search", waiting until "load"\n')>
playwright._impl._errors.TargetClosedError: Target page, context or browser has been closed
Call log:
  - navigating to "https://www.irctc.co.in/nget/train-search", waiting until "load"

2025-09-10 08:45:13,453 | INFO     | Launching browser …
2025-09-10 08:45:16,042 | INFO     | Opening IRCTC (attempt 1)…
2025-09-10 08:45:30,142 | INFO     | Closed popup via button:has-text("OK")
2025-09-10 08:45:31,177 | INFO     | Closed popup via button:has-text("OK")
2025-09-10 08:45:33,221 | INFO     | Closed popup via button:has-text("OK")
2025-09-10 08:45:36,459 | INFO     | Closed popup via button:has-text("Ok")
2025-09-10 08:45:37,796 | INFO     | Closed popup via button:has-text("Ok")
2025-09-10 08:45:48,435 | WARNING  | Navigation attempt 1 failed: Page.wait_for_selector: Timeout 10000ms exceeded.
Call log:
  - waiting for locator("input[placeholder*=\"From\"]") to be visible

2025-09-10 08:45:48,436 | INFO     | Opening IRCTC (attempt 2)…
2025-09-10 08:45:56,638 | INFO     | Closed popup via button:has-text("OK")
2025-09-10 08:45:57,677 | INFO     | Closed popup via button:has-text("OK")
2025-09-10 08:45:59,386 | WARNING  | Navigation attempt 2 failed: Page.query_selector_all: Target page, context or browser has been closed
2025-09-10 08:45:59,388 | INFO     | Opening IRCTC (attempt 3)…
2025-09-10 08:45:59,404 | WARNING  | Navigation attempt 3 failed: Page.goto: Target page, context or browser has been closed
2025-09-10 08:45:59,429 | INFO     | Done. Total elapsed: 46.0s
2025-09-10 08:58:35,079 | INFO     | Launching browser …
2025-09-10 08:58:37,764 | INFO     | Opening IRCTC (attempt 1)…
2025-09-10 08:58:54,612 | INFO     | Closed popup via button:has-text("OK")
2025-09-10 08:58:55,718 | INFO     | Closed popup via button:has-text("OK")
2025-09-10 08:58:57,477 | INFO     | Closed popup via button:has-text("OK")
2025-09-10 08:59:00,930 | INFO     | Closed popup via button:has-text("Ok")
2025-09-10 08:59:02,179 | INFO     | Closed popup via button:has-text("Ok")
2025-09-10 08:59:12,903 | WARNING  | Navigation attempt 1 failed: Page.wait_for_selector: Timeout 10000ms exceeded.
Call log:
  - waiting for locator("input[placeholder*=\"From\"]") to be visible

2025-09-10 08:59:12,906 | INFO     | Opening IRCTC (attempt 2)…
2025-09-10 08:59:21,088 | INFO     | Closed popup via button:has-text("OK")
2025-09-10 08:59:23,360 | INFO     | Closed popup via button:has-text("OK")
2025-09-10 08:59:24,972 | INFO     | Closed popup via button:has-text("OK")
2025-09-10 08:59:26,261 | INFO     | Closed popup via button:has-text("Ok")
2025-09-10 08:59:27,635 | INFO     | Closed popup via button:has-text("Ok")
2025-09-10 08:59:38,223 | WARNING  | Navigation attempt 2 failed: Page.wait_for_selector: Timeout 10000ms exceeded.
Call log:
  - waiting for locator("input[placeholder*=\"From\"]") to be visible

2025-09-10 08:59:38,225 | INFO     | Opening IRCTC (attempt 3)…
2025-09-10 08:59:46,822 | INFO     | Closed popup via button:has-text("OK")
2025-09-10 08:59:48,211 | INFO     | Closed popup via button:has-text("OK")
2025-09-10 08:59:49,961 | INFO     | Closed popup via button:has-text("OK")
2025-09-10 08:59:50,931 | INFO     | Closed popup via button:has-text("Ok")
2025-09-10 08:59:52,102 | INFO     | Closed popup via button:has-text("Ok")
2025-09-10 08:59:59,211 | INFO     | Done. Total elapsed: 84.1s
2025-09-10 09:00:02,555 | ERROR    | Future exception was never retrieved
future: <Future finished exception=BrokenPipeError(32, 'The pipe is being closed', None, 232, None)>
Traceback (most recent call last):
  File "c:\dev\playwright\playwright\Code\irctc_booking.py", line 225, in run
    await self.login()
  File "c:\dev\playwright\playwright\Code\irctc_booking.py", line 146, in login
    await self.goto_irctc()
  File "c:\dev\playwright\playwright\Code\irctc_booking.py", line 136, in goto_irctc
    await self.page.wait_for_selector('input[placeholder*="From"]', timeout=10_000)
  File "C:\dev\playwright\playwright\.venv\Lib\site-packages\playwright\async_api\_generated.py", line 8181, in wait_for_selector
    await self._impl_obj.wait_for_selector(
  File "C:\dev\playwright\playwright\.venv\Lib\site-packages\playwright\_impl\_page.py", line 423, in wait_for_selector
    return await self._main_frame.wait_for_selector(**locals_to_params(locals()))
           ^^^^^^^^^^^^^^^^^^^^^^^^^^^^^^^^^^^^^^^^^^^^^^^^^^^^^^^^^^^^^^^^^^^^^^
  File "C:\dev\playwright\playwright\.venv\Lib\site-packages\playwright\_impl\_frame.py", line 369, in wait_for_selector
    await self._channel.send(
  File "C:\dev\playwright\playwright\.venv\Lib\site-packages\playwright\_impl\_connection.py", line 69, in send
    return await self._connection.wrap_api_call(
           ^^^^^^^^^^^^^^^^^^^^^^^^^^^^^^^^^^^^^
  File "C:\dev\playwright\playwright\.venv\Lib\site-packages\playwright\_impl\_connection.py", line 556, in wrap_api_call
    return await cb()
           ^^^^^^^^^^
  File "C:\dev\playwright\playwright\.venv\Lib\site-packages\playwright\_impl\_connection.py", line 123, in _inner_send
    done, _ = await asyncio.wait(
              ^^^^^^^^^^^^^^^^^^^
  File "C:\Users\nagal\AppData\Local\Programs\Python\Python311\Lib\asyncio\tasks.py", line 418, in wait
    return await _wait(fs, timeout, return_when, loop)
           ^^^^^^^^^^^^^^^^^^^^^^^^^^^^^^^^^^^^^^^^^^^
  File "C:\Users\nagal\AppData\Local\Programs\Python\Python311\Lib\asyncio\tasks.py", line 525, in _wait
    await waiter
asyncio.exceptions.CancelledError

During handling of the above exception, another exception occurred:

Traceback (most recent call last):
  File "C:\Users\nagal\AppData\Local\Programs\Python\Python311\Lib\asyncio\proactor_events.py", line 401, in _loop_writing
    self._write_fut = self._loop._proactor.send(self._sock, data)
                      ^^^^^^^^^^^^^^^^^^^^^^^^^^^^^^^^^^^^^^^^^^^
  File "C:\Users\nagal\AppData\Local\Programs\Python\Python311\Lib\asyncio\windows_events.py", line 568, in send
    ov.WriteFile(conn.fileno(), buf)
BrokenPipeError: [WinError 232] The pipe is being closed
2025-09-10 09:00:02,567 | ERROR    | Future exception was never retrieved
future: <Future finished exception=TargetClosedError('Target page, context or browser has been closed\nCall log:\n  - waiting for locator("input[placeholder*=\\"From\\"]") to be visible\n')>
playwright._impl._errors.TargetClosedError: Target page, context or browser has been closed
Call log:
  - waiting for locator("input[placeholder*=\"From\"]") to be visible

2025-09-10 09:05:01,418 | INFO    | Opening IRCTC …
2025-09-10 09:05:31,428 | ERROR   | Site failed to load: Page.wait_for_selector: Timeout 10000ms exceeded.
Call log:
  - waiting for locator("input[placeholder*=\"From\"]") to be visible

2025-09-10 09:21:02,821 | INFO    | Opening IRCTC …
2025-09-10 09:21:53,674 | ERROR   | IRCTC failed to load: Page.wait_for_selector: Timeout 30000ms exceeded.
Call log:
  - waiting for locator("input[placeholder*=\"From\"]") to be visible

2025-09-10 09:26:20,588 | INFO    | Opening IRCTC …
2025-09-10 09:26:33,635 | INFO    | Ask-Disha banner closed via #disha-banner-close.
2025-09-10 09:27:03,660 | ERROR   | IRCTC failed to load: Page.wait_for_selector: Timeout 30000ms exceeded.
Call log:
  - waiting for locator("input[placeholder*=\"From\"]") to be visible

2025-09-10 09:28:32,507 | INFO    | Opening IRCTC …
2025-09-10 09:28:45,587 | INFO    | Ask-Disha closed.
2025-09-10 09:28:46,229 | INFO    | System alert dismissed.
2025-09-10 09:29:15,094 | INFO    | Opening IRCTC …
2025-09-10 09:29:27,752 | INFO    | Ask-Disha closed.
2025-09-10 09:29:28,313 | INFO    | System alert dismissed.
2025-09-10 09:30:28,330 | ERROR   | IRCTC failed to load: Page.wait_for_selector: Timeout 60000ms exceeded.
Call log:
  - waiting for locator("input[placeholder*=\"From\"]") to be visible

2025-09-10 09:33:57,459 | INFO    | Opening IRCTC …
2025-09-10 09:34:12,912 | INFO    | Ask-Disha closed.
2025-09-10 09:36:51,704 | INFO    | Opening IRCTC …
2025-09-10 09:37:06,153 | INFO    | Pop-ups cleared, LOGIN clicked.
2025-09-10 09:44:23,811 | INFO    | Opening IRCTC …
2025-09-10 09:44:39,258 | INFO    | Pop-ups cleared, LOGIN clicked.
2025-09-10 09:44:40,164 | INFO    | Username & password filled – you have 5 s to solve captcha and click SIGN IN.
2025-09-10 09:44:45,200 | INFO    | Logged in.
2025-09-10 09:46:43,173 | INFO    | Opening IRCTC …
2025-09-10 09:46:59,515 | INFO    | Pop-ups cleared, LOGIN clicked.
2025-09-10 09:47:00,456 | INFO    | Username & password filled – you have 5 s to solve captcha and click SIGN IN.
2025-09-10 09:47:05,494 | INFO    | Logged in.
2025-09-10 09:48:45,284 | INFO    | Opening IRCTC …
2025-09-10 09:49:01,588 | INFO    | Pop-ups cleared, LOGIN clicked.
2025-09-10 09:49:02,253 | INFO    | Username & password filled – you have 5 s to solve captcha and click SIGN IN.
2025-09-10 09:49:07,333 | INFO    | Logged in.
2025-09-10 09:51:27,929 | INFO    | Opening IRCTC …
2025-09-10 09:51:54,832 | INFO    | Pop-ups cleared, LOGIN clicked.
2025-09-10 09:51:55,493 | INFO    | Username & password filled – you have 5 s to solve captcha and click SIGN IN.
2025-09-10 09:52:00,556 | INFO    | Logged in.
2025-09-11 20:20:35,484 | INFO    | Opening IRCTC …
2025-09-11 20:20:56,508 | INFO    | Pop-ups cleared, LOGIN clicked.
2025-09-11 20:20:57,399 | INFO    | Username & password filled – you have 5 s to solve captcha and click SIGN IN.
2025-09-11 20:21:02,447 | INFO    | Logged in.
2025-09-11 20:22:24,177 | INFO    | Opening IRCTC …
2025-09-11 20:22:41,482 | INFO    | Pop-ups cleared, LOGIN clicked.
2025-09-11 20:22:41,974 | INFO    | Username & password filled – you have 5 s to solve captcha and click SIGN IN.
2025-09-11 20:22:47,023 | INFO    | Logged in.
2025-09-11 20:23:29,088 | INFO    | Opening IRCTC …
2025-09-11 20:23:45,911 | INFO    | Pop-ups cleared, LOGIN clicked.
2025-09-11 20:23:46,150 | INFO    | Username & password filled – you have 5 s to solve captcha and click SIGN IN.
2025-09-11 20:23:51,220 | INFO    | Logged in.
2025-09-17 08:27:37,586 | INFO    | Opening IRCTC …
